c:\users\chris\desktop\csc318-tetris\csc318-tetris\csc318-tetris\debug\csc318-tetris.pch
c:\users\chris\desktop\csc318-tetris\csc318-tetris\csc318-tetris\debug\vc141.pdb
c:\users\chris\desktop\csc318-tetris\csc318-tetris\csc318-tetris\debug\vc141.idb
c:\users\chris\desktop\csc318-tetris\csc318-tetris\csc318-tetris\debug\stdafx.obj
c:\users\chris\desktop\csc318-tetris\csc318-tetris\csc318-tetris\debug\utility.obj
c:\users\chris\desktop\csc318-tetris\csc318-tetris\csc318-tetris\debug\shape.obj
c:\users\chris\desktop\csc318-tetris\csc318-tetris\csc318-tetris\debug\main.obj
c:\users\chris\desktop\csc318-tetris\csc318-tetris\csc318-tetris\debug\score.obj
c:\users\chris\desktop\csc318-tetris\csc318-tetris\csc318-tetris\debug\board.obj
c:\users\chris\desktop\csc318-tetris\csc318-tetris\csc318-tetris\debug\game.obj
c:\users\chris\desktop\csc318-tetris\csc318-tetris\csc318-tetris\debug\menu.obj
c:\users\chris\desktop\csc318-tetris\csc318-tetris\csc318-tetris\debug\button.obj
c:\users\chris\desktop\csc318-tetris\csc318-tetris\csc318-tetris\debug\highscores.obj
c:\users\chris\desktop\csc318-tetris\csc318-tetris\debug\csc318-tetris.exe
c:\users\chris\desktop\csc318-tetris\csc318-tetris\debug\csc318-tetris.ilk
c:\users\chris\desktop\csc318-tetris\csc318-tetris\debug\csc318-tetris.pdb
c:\users\chris\desktop\csc318-tetris\csc318-tetris\csc318-tetris\debug\csc318-tetris.tlog\cl.command.1.tlog
c:\users\chris\desktop\csc318-tetris\csc318-tetris\csc318-tetris\debug\csc318-tetris.tlog\cl.read.1.tlog
c:\users\chris\desktop\csc318-tetris\csc318-tetris\csc318-tetris\debug\csc318-tetris.tlog\cl.write.1.tlog
c:\users\chris\desktop\csc318-tetris\csc318-tetris\csc318-tetris\debug\csc318-tetris.tlog\link.command.1.tlog
c:\users\chris\desktop\csc318-tetris\csc318-tetris\csc318-tetris\debug\csc318-tetris.tlog\link.read.1.tlog
c:\users\chris\desktop\csc318-tetris\csc318-tetris\csc318-tetris\debug\csc318-tetris.tlog\link.write.1.tlog
